[cx.zzgcxy.com/zzgcxy/byzs.html]
[backblue.gif]
[fade.gif]
[index.html]
[www.zzgcxy.com/css/index.css]
[www.zzgcxy.com/js/common.js]
[www.zzgcxy.com/js/jquery.easing.1.3.js]
[www.zzgcxy.com/js/jquery-1.9.1.min.js]
[cx-x-zzgcxy-x-com.img.abc188.com/zzgcxy/images/index_top.jpg]
[cx-x-zzgcxy-x-com.img.abc188.com/zzgcxy/images/but_1.gif]
[cx-x-zzgcxy-x-com.img.abc188.com/zzgcxy/images/but_2.gif]
[cx.zzgcxy.com/zzgcxy/byzs.html]
[www-x-zzgcxy-x-com.img.abc188.com/images/bg.gif]
[www-x-zzgcxy-x-com.img.abc188.com/images/header.gif]
[www-x-zzgcxy-x-com.img.abc188.com/images/nav_bg.gif]
[www-x-zzgcxy-x-com.img.abc188.com/images/nav_split.gif]
[www-x-zzgcxy-x-com.img.abc188.com/images/nav_hover.gif]
[www-x-zzgcxy-x-com.img.abc188.com/images/icon.gif]
[www-x-zzgcxy-x-com.img.abc188.com/images/icon2.gif]
[www-x-zzgcxy-x-com.img.abc188.com/images/left_menu_t.gif]
[www-x-zzgcxy-x-com.img.abc188.com/images/left_menu_bg.gif]
[www-x-zzgcxy-x-com.img.abc188.com/images/sea.gif]
[www.zzgcxy.com/css/index.css]
